<?xml version="1.0" encoding="utf-8"?><testsuites name="pytest tests"><testsuite name="pytest" errors="0" failures="0" skipped="0" tests="31" time="77.282" timestamp="2026-09-22T09:50:37.934369+00:00" hostname="agent-env-a9ab796f-370c-414a-9791-0c572a3c460e"><testcase classname="tests.test_mcp_backend" name="test_health" time="0.199" /><testcase classname="tests.test_mcp_backend" name="test_mcp_requires_bearer" time="0.113" /><testcase classname="tests.test_mcp_backend" name="test_mcp_initialize" time="0.107" /><testcase classname="tests.test_mcp_backend" name="test_tools_list" time="0.134" /><testcase classname="tests.test_mcp_backend" name="test_search_sources_semantic" time="2.835" /><testcase classname="tests.test_mcp_backend" name="test_get_random_question_no_answer" time="1.109" /><testcase classname="tests.test_mcp_backend" name="test_generate_quiz_no_answers" time="1.776" /><testcase classname="tests.test_mcp_backend" name="test_check_answer" time="1.748" /><testcase classname="tests.test_mcp_backend" name="test_rest_config" time="0.109" /><testcase classname="tests.test_mcp_backend" name="test_rest_stats" time="0.116" /><testcase classname="tests.test_mcp_backend" name="test_rest_sources" time="0.130" /><testcase classname="tests.test_new_features" name="test_health" time="0.123" /><testcase classname="tests.test_new_features" name="test_oauth_discovery_as" time="0.111" /><testcase classname="tests.test_new_features" name="test_oauth_discovery_pr" time="0.144" /><testcase classname="tests.test_new_features" name="test_oauth_full_flow" time="0.400" /><testcase classname="tests.test_new_features" name="test_oauth_refresh" time="0.137" /><testcase classname="tests.test_new_features" name="test_oauth_invalid_code" time="0.111" /><testcase classname="tests.test_new_features" name="test_mcp_static_token_works" time="0.143" /><testcase classname="tests.test_new_features" name="test_mcp_oauth_token_works" time="0.111" /><testcase classname="tests.test_new_features" name="test_mcp_no_token_returns_401" time="0.128" /><testcase classname="tests.test_new_features" name="test_reindex_is_nonblocking" time="0.343" /><testcase classname="tests.test_new_features" name="test_upload_is_nonblocking" time="59.328" /><testcase classname="tests.test_new_features" name="test_ingest_status" time="0.115" /><testcase classname="tests.test_new_features" name="test_sources_ready_no_error" time="0.249" /><testcase classname="tests.test_new_features" name="test_file_open_inline" time="0.328" /><testcase classname="tests.test_new_features" name="test_file_download" time="0.292" /><testcase classname="tests.test_new_features" name="test_file_bogus_returns_404" time="0.105" /><testcase classname="tests.test_new_features" name="test_path_traversal_blocked" time="0.065" /><testcase classname="tests.test_new_features" name="test_get_random_question_arabic_western_digits" time="1.263" /><testcase classname="tests.test_new_features" name="test_generate_quiz_arabic_no_answers" time="1.770" /><testcase classname="tests.test_new_features" name="test_check_answer_returns_attribution" time="3.552" /></testsuite></testsuites>