<?xml version="1.0" encoding="utf-8"?><testsuites name="pytest tests"><testsuite name="pytest" errors="0" failures="3" skipped="0" tests="20" time="79.637" timestamp="2026-09-22T09:47:22.963527+00:00" hostname="agent-env-a9ab796f-370c-414a-9791-0c572a3c460e"><testcase classname="tests.test_new_features" name="test_health" time="0.174" /><testcase classname="tests.test_new_features" name="test_oauth_discovery_as" time="0.113" /><testcase classname="tests.test_new_features" name="test_oauth_discovery_pr" time="0.134" /><testcase classname="tests.test_new_features" name="test_oauth_full_flow" time="0.349" /><testcase classname="tests.test_new_features" name="test_oauth_refresh" time="0.148" /><testcase classname="tests.test_new_features" name="test_oauth_invalid_code" time="0.106" /><testcase classname="tests.test_new_features" name="test_mcp_static_token_works" time="0.108" /><testcase classname="tests.test_new_features" name="test_mcp_oauth_token_works" time="0.107" /><testcase classname="tests.test_new_features" name="test_mcp_no_token_returns_401" time="0.113" /><testcase classname="tests.test_new_features" name="test_reindex_is_nonblocking" time="0.249" /><testcase classname="tests.test_new_features" name="test_upload_is_nonblocking" time="59.413" /><testcase classname="tests.test_new_features" name="test_ingest_status" time="0.140" /><testcase classname="tests.test_new_features" name="test_sources_ready_no_error" time="0.265" /><testcase classname="tests.test_new_features" name="test_file_open_inline" time="0.517" /><testcase classname="tests.test_new_features" name="test_file_download" time="0.378" /><testcase classname="tests.test_new_features" name="test_file_bogus_returns_404" time="0.135" /><testcase classname="tests.test_new_features" name="test_path_traversal_blocked" time="0.061" /><testcase classname="tests.test_new_features" name="test_get_random_question_arabic_western_digits" time="13.611"><failure message="AssertionError: No Arabic questionText obtained after retries&#10;assert None">backend/tests/test_new_features.py:332: in test_get_random_question_arabic_western_digits
    assert found, "No Arabic questionText obtained after retries"
E   AssertionError: No Arabic questionText obtained after retries
E   assert None</failure></testcase><testcase classname="tests.test_new_features" name="test_generate_quiz_arabic_no_answers" time="1.364"><failure message="AssertionError: non-Arabic quiz question: 'Ø¥Ø°Ø§ Ù\x83Ø§Ù\x86Øª Ù\x86Ø³Ø¨Ø© Ø§Ù\x84Ø£Ù\x88Ù\x84Ø§Ø¯ Ø¥Ù\x84Ù\x89 Ø§Ù\x84Ø¨Ù\x86Ø§Øª Ù\x81Ù\x8a Ø§Ù\x84Ù\x81ØµÙ\x84 Ù\x87Ù\x8a 3:2 Ù\x88Ù\x8aÙ\x88Ø¬Ø¯ 30 Ù\x88Ù\x84Ø¯Ù\x8bØ§Ø\x8c Ù\x81Ù\x83Ù\x85 Ø¹Ø¯Ø¯ Ø§Ù\x84Ø¨Ù\x86Ø§ØªØ\x9f (Ø§Ù\x84ØµØ¹Ù\x88Ø¨Ø©: Ø³Ù\x87Ù\x84)'&#10;assert False&#10; +  where False = _has_arabic('Ø¥Ø°Ø§ Ù\x83Ø§Ù\x86Øª Ù\x86Ø³Ø¨Ø© Ø§Ù\x84Ø£Ù\x88Ù\x84Ø§Ø¯ Ø¥Ù\x84Ù\x89 Ø§Ù\x84Ø¨Ù\x86Ø§Øª Ù\x81Ù\x8a Ø§Ù\x84Ù\x81ØµÙ\x84 Ù\x87Ù\x8a 3:2 Ù\x88Ù\x8aÙ\x88Ø¬Ø¯ 30 Ù\x88Ù\x84Ø¯Ù\x8bØ§Ø\x8c Ù\x81Ù\x83Ù\x85 Ø¹Ø¯Ø¯ Ø§Ù\x84Ø¨Ù\x86Ø§ØªØ\x9f (Ø§Ù\x84ØµØ¹Ù\x88Ø¨Ø©: Ø³Ù\x87Ù\x84)')">backend/tests/test_new_features.py:345: in test_generate_quiz_arabic_no_answers
    assert _has_arabic(qtext), f"non-Arabic quiz question: {qtext!r}"
E   AssertionError: non-Arabic quiz question: 'Ø¥Ø°Ø§ Ù\x83Ø§Ù\x86Øª Ù\x86Ø³Ø¨Ø© Ø§Ù\x84Ø£Ù\x88Ù\x84Ø§Ø¯ Ø¥Ù\x84Ù\x89 Ø§Ù\x84Ø¨Ù\x86Ø§Øª Ù\x81Ù\x8a Ø§Ù\x84Ù\x81ØµÙ\x84 Ù\x87Ù\x8a 3:2 Ù\x88Ù\x8aÙ\x88Ø¬Ø¯ 30 Ù\x88Ù\x84Ø¯Ù\x8bØ§Ø\x8c Ù\x81Ù\x83Ù\x85 Ø¹Ø¯Ø¯ Ø§Ù\x84Ø¨Ù\x86Ø§ØªØ\x9f (Ø§Ù\x84ØµØ¹Ù\x88Ø¨Ø©: Ø³Ù\x87Ù\x84)'
E   assert False
E    +  where False = _has_arabic('Ø¥Ø°Ø§ Ù\x83Ø§Ù\x86Øª Ù\x86Ø³Ø¨Ø© Ø§Ù\x84Ø£Ù\x88Ù\x84Ø§Ø¯ Ø¥Ù\x84Ù\x89 Ø§Ù\x84Ø¨Ù\x86Ø§Øª Ù\x81Ù\x8a Ø§Ù\x84Ù\x81ØµÙ\x84 Ù\x87Ù\x8a 3:2 Ù\x88Ù\x8aÙ\x88Ø¬Ø¯ 30 Ù\x88Ù\x84Ø¯Ù\x8bØ§Ø\x8c Ù\x81Ù\x83Ù\x85 Ø¹Ø¯Ø¯ Ø§Ù\x84Ø¨Ù\x86Ø§ØªØ\x9f (Ø§Ù\x84ØµØ¹Ù\x88Ø¨Ø©: Ø³Ù\x87Ù\x84)')</failure></testcase><testcase classname="tests.test_new_features" name="test_check_answer_returns_attribution" time="2.029"><failure message="AssertionError: explanation not Arabic: 'Ø§Ù\x84Ù\x86Ø³Ø¨Ø© Ø§Ù\x84Ù\x85Ø¹Ø·Ø§Ø© Ø¨Ù\x8aÙ\x86 Ø§Ù\x84Ø£Ù\x88Ù\x84Ø§Ø¯ Ù\x88Ø§Ù\x84Ø¨Ù\x86Ø§Øª Ù\x87Ù\x8a 3:2. Ù\x87Ø°Ø§ Ù\x8aØ¹Ù\x86Ù\x8a Ø£Ù\x86Ù\x87 Ù\x85Ù\x82Ø§Ø¨Ù\x84 Ù\x83Ù\x84 3 Ø£Ù\x88Ù\x84Ø§Ø¯ Ù\x87Ù\x86Ø§Ù\x83 2 Ø¨Ù\x86Ø§Øª. Ø¥Ø°Ø§ Ù\x83Ø§Ù\x86 Ù\x87Ù\x86Ø§Ù\x83 30 Ù\x88Ù\x84Ø¯Ù\x8bØ§Ø\x8c Ù\x8aÙ\x85Ù\x83Ù\x86Ù\x86Ø§ Ø§Ø³ØªØ®Ø¯Ø§Ù\x85 Ø§Ù\x84Ù\x86Ø³Ø¨Ø© Ù\x84Ø\xadØ³Ø§Ø¨ Ø¹Ø¯Ø¯ Ø§Ù\x84Ø¨Ù\x86Ø§Øª. Ù\x86Ù\x82Ø³Ù\x85 Ø¹Ø¯Ø¯ Ø§Ù\x84Ø£Ù\x88Ù\x84Ø§Ø¯ (30) Ø¹Ù\x84Ù\x89 3 Ù\x84Ù\x84Ø\xadØµÙ\x88Ù\x84 Ø¹Ù\x84Ù\x89 Ù\x88Ø\xadØ¯Ø© Ø§Ù\x84Ù\x86Ø³Ø¨Ø© (10)Ø\x8c Ø«Ù\x85 Ù\x86Ø¶Ø±Ø¨ Ù\x88Ø\xadØ¯Ø© Ø§Ù\x84Ù\x86Ø³Ø¨Ø© Ø¨Ø¹Ø¯Ø¯ Ø§Ù\x84Ø¨Ù\x86Ø§Øª Ù\x81Ù\x8a Ø§Ù\x84Ù\x86Ø³Ø¨Ø© (2) Ù\x84Ù\x86Ø\xadØµÙ\x84 Ø¹Ù\x84Ù\x89 20 Ø¨Ù\x86ØªÙ\x8bØ§. Ù\x84Ø°Ù\x84Ù\x83Ø\x8c Ø§Ù\x84Ø¥Ø¬Ø§Ø¨Ø© Ø§Ù\x84ØµØ\xadÙ\x8aØ\xadØ© Ù\x87Ù\x8a B) 20.'&#10;assert False&#10; +  where False = _has_arabic('Ø§Ù\x84Ù\x86Ø³Ø¨Ø© Ø§Ù\x84Ù\x85Ø¹Ø·Ø§Ø© Ø¨Ù\x8aÙ\x86 Ø§Ù\x84Ø£Ù\x88Ù\x84Ø§Ø¯ Ù\x88Ø§Ù\x84Ø¨Ù\x86Ø§Øª Ù\x87Ù\x8a 3:2. Ù\x87Ø°Ø§ Ù\x8aØ¹Ù\x86Ù\x8a Ø£Ù\x86Ù\x87 Ù\x85Ù\x82Ø§Ø¨Ù\x84 Ù\x83Ù\x84 3 Ø£Ù\x88Ù\x84Ø§Ø¯ Ù\x87Ù\x86Ø§Ù\x83 2 Ø¨Ù\x86Ø§Øª. Ø¥Ø°Ø§ Ù\x83Ø§Ù\x86 Ù\x87Ù\x86Ø§Ù\x83 30 Ù\x88Ù\x84Ø¯Ù\x8bØ§Ø\x8c Ù\x8aÙ\x85Ù\x83Ù\x86Ù\x86Ø§ Ø§Ø³ØªØ®Ø¯Ø§Ù\x85 Ø§Ù\x84Ù\x86Ø³Ø¨Ø© Ù\x84Ø\xadØ³Ø§Ø¨ Ø¹Ø¯Ø¯ Ø§Ù\x84Ø¨Ù\x86Ø§Øª. Ù\x86Ù\x82Ø³Ù\x85 Ø¹Ø¯Ø¯ Ø§Ù\x84Ø£Ù\x88Ù\x84Ø§Ø¯ (30) Ø¹Ù\x84Ù\x89 3 Ù\x84Ù\x84Ø\xadØµÙ\x88Ù\x84 Ø¹Ù\x84Ù\x89 Ù\x88Ø\xadØ¯Ø© Ø§Ù\x84Ù\x86Ø³Ø¨Ø© (10)Ø\x8c Ø«Ù\x85 Ù\x86Ø¶Ø±Ø¨ Ù\x88Ø\xadØ¯Ø© Ø§Ù\x84Ù\x86Ø³Ø¨Ø© Ø¨Ø¹Ø¯Ø¯ Ø§Ù\x84Ø¨Ù\x86Ø§Øª Ù\x81Ù\x8a Ø§Ù\x84Ù\x86Ø³Ø¨Ø© (2) Ù\x84Ù\x86Ø\xadØµÙ\x84 Ø¹Ù\x84Ù\x89 20 Ø¨Ù\x86ØªÙ\x8bØ§. Ù\x84Ø°Ù\x84Ù\x83Ø\x8c Ø§Ù\x84Ø¥Ø¬Ø§Ø¨Ø© Ø§Ù\x84ØµØ\xadÙ\x8aØ\xadØ© Ù\x87Ù\x8a B) 20.')">backend/tests/test_new_features.py:364: in test_check_answer_returns_attribution
    assert _has_arabic(expl), f"explanation not Arabic: {expl!r}"
E   AssertionError: explanation not Arabic: 'Ø§Ù\x84Ù\x86Ø³Ø¨Ø© Ø§Ù\x84Ù\x85Ø¹Ø·Ø§Ø© Ø¨Ù\x8aÙ\x86 Ø§Ù\x84Ø£Ù\x88Ù\x84Ø§Ø¯ Ù\x88Ø§Ù\x84Ø¨Ù\x86Ø§Øª Ù\x87Ù\x8a 3:2. Ù\x87Ø°Ø§ Ù\x8aØ¹Ù\x86Ù\x8a Ø£Ù\x86Ù\x87 Ù\x85Ù\x82Ø§Ø¨Ù\x84 Ù\x83Ù\x84 3 Ø£Ù\x88Ù\x84Ø§Ø¯ Ù\x87Ù\x86Ø§Ù\x83 2 Ø¨Ù\x86Ø§Øª. Ø¥Ø°Ø§ Ù\x83Ø§Ù\x86 Ù\x87Ù\x86Ø§Ù\x83 30 Ù\x88Ù\x84Ø¯Ù\x8bØ§Ø\x8c Ù\x8aÙ\x85Ù\x83Ù\x86Ù\x86Ø§ Ø§Ø³ØªØ®Ø¯Ø§Ù\x85 Ø§Ù\x84Ù\x86Ø³Ø¨Ø© Ù\x84Ø\xadØ³Ø§Ø¨ Ø¹Ø¯Ø¯ Ø§Ù\x84Ø¨Ù\x86Ø§Øª. Ù\x86Ù\x82Ø³Ù\x85 Ø¹Ø¯Ø¯ Ø§Ù\x84Ø£Ù\x88Ù\x84Ø§Ø¯ (30) Ø¹Ù\x84Ù\x89 3 Ù\x84Ù\x84Ø\xadØµÙ\x88Ù\x84 Ø¹Ù\x84Ù\x89 Ù\x88Ø\xadØ¯Ø© Ø§Ù\x84Ù\x86Ø³Ø¨Ø© (10)Ø\x8c Ø«Ù\x85 Ù\x86Ø¶Ø±Ø¨ Ù\x88Ø\xadØ¯Ø© Ø§Ù\x84Ù\x86Ø³Ø¨Ø© Ø¨Ø¹Ø¯Ø¯ Ø§Ù\x84Ø¨Ù\x86Ø§Øª Ù\x81Ù\x8a Ø§Ù\x84Ù\x86Ø³Ø¨Ø© (2) Ù\x84Ù\x86Ø\xadØµÙ\x84 Ø¹Ù\x84Ù\x89 20 Ø¨Ù\x86ØªÙ\x8bØ§. Ù\x84Ø°Ù\x84Ù\x83Ø\x8c Ø§Ù\x84Ø¥Ø¬Ø§Ø¨Ø© Ø§Ù\x84ØµØ\xadÙ\x8aØ\xadØ© Ù\x87Ù\x8a B) 20.'
E   assert False
E    +  where False = _has_arabic('Ø§Ù\x84Ù\x86Ø³Ø¨Ø© Ø§Ù\x84Ù\x85Ø¹Ø·Ø§Ø© Ø¨Ù\x8aÙ\x86 Ø§Ù\x84Ø£Ù\x88Ù\x84Ø§Ø¯ Ù\x88Ø§Ù\x84Ø¨Ù\x86Ø§Øª Ù\x87Ù\x8a 3:2. Ù\x87Ø°Ø§ Ù\x8aØ¹Ù\x86Ù\x8a Ø£Ù\x86Ù\x87 Ù\x85Ù\x82Ø§Ø¨Ù\x84 Ù\x83Ù\x84 3 Ø£Ù\x88Ù\x84Ø§Ø¯ Ù\x87Ù\x86Ø§Ù\x83 2 Ø¨Ù\x86Ø§Øª. Ø¥Ø°Ø§ Ù\x83Ø§Ù\x86 Ù\x87Ù\x86Ø§Ù\x83 30 Ù\x88Ù\x84Ø¯Ù\x8bØ§Ø\x8c Ù\x8aÙ\x85Ù\x83Ù\x86Ù\x86Ø§ Ø§Ø³ØªØ®Ø¯Ø§Ù\x85 Ø§Ù\x84Ù\x86Ø³Ø¨Ø© Ù\x84Ø\xadØ³Ø§Ø¨ Ø¹Ø¯Ø¯ Ø§Ù\x84Ø¨Ù\x86Ø§Øª. Ù\x86Ù\x82Ø³Ù\x85 Ø¹Ø¯Ø¯ Ø§Ù\x84Ø£Ù\x88Ù\x84Ø§Ø¯ (30) Ø¹Ù\x84Ù\x89 3 Ù\x84Ù\x84Ø\xadØµÙ\x88Ù\x84 Ø¹Ù\x84Ù\x89 Ù\x88Ø\xadØ¯Ø© Ø§Ù\x84Ù\x86Ø³Ø¨Ø© (10)Ø\x8c Ø«Ù\x85 Ù\x86Ø¶Ø±Ø¨ Ù\x88Ø\xadØ¯Ø© Ø§Ù\x84Ù\x86Ø³Ø¨Ø© Ø¨Ø¹Ø¯Ø¯ Ø§Ù\x84Ø¨Ù\x86Ø§Øª Ù\x81Ù\x8a Ø§Ù\x84Ù\x86Ø³Ø¨Ø© (2) Ù\x84Ù\x86Ø\xadØµÙ\x84 Ø¹Ù\x84Ù\x89 20 Ø¨Ù\x86ØªÙ\x8bØ§. Ù\x84Ø°Ù\x84Ù\x83Ø\x8c Ø§Ù\x84Ø¥Ø¬Ø§Ø¨Ø© Ø§Ù\x84ØµØ\xadÙ\x8aØ\xadØ© Ù\x87Ù\x8a B) 20.')</failure></testcase></testsuite></testsuites>