<?xml version="1.0" encoding="utf-8"?><testsuites name="pytest tests"><testsuite name="pytest" errors="0" failures="0" skipped="0" tests="11" time="5.675" timestamp="2026-09-21T21:28:36.726845+00:00" hostname="agent-env-a9ab796f-370c-414a-9791-0c572a3c460e"><testcase classname="tests.test_mcp_backend" name="test_health" time="0.314" /><testcase classname="tests.test_mcp_backend" name="test_mcp_requires_bearer" time="0.143" /><testcase classname="tests.test_mcp_backend" name="test_mcp_initialize" time="0.152" /><testcase classname="tests.test_mcp_backend" name="test_tools_list" time="0.165" /><testcase classname="tests.test_mcp_backend" name="test_search_sources_semantic" time="0.348" /><testcase classname="tests.test_mcp_backend" name="test_get_random_question_no_answer" time="0.220" /><testcase classname="tests.test_mcp_backend" name="test_generate_quiz_no_answers" time="0.163" /><testcase classname="tests.test_mcp_backend" name="test_check_answer" time="3.041" /><testcase classname="tests.test_mcp_backend" name="test_rest_config" time="0.150" /><testcase classname="tests.test_mcp_backend" name="test_rest_stats" time="0.168" /><testcase classname="tests.test_mcp_backend" name="test_rest_sources" time="0.138" /></testsuite></testsuites>